SF:lib/src.models/nav_bar_item.dart
DA:8,1
DA:13,0
DA:15,0
DA:17,0
DA:18,0
LF:5
LH:1
end_of_record
SF:lib/src.widgets/condition_widget.dart
DA:13,1
DA:18,1
DA:20,0
DA:22,1
DA:24,1
DA:25,2
DA:27,0
LF:7
LH:5
end_of_record
SF:lib/src.widgets/delete_mode_item_listener.dart
DA:4,1
DA:6,1
DA:11,1
DA:12,1
DA:18,1
DA:20,1
DA:21,1
DA:22,1
DA:23,2
DA:24,4
DA:27,2
DA:28,2
LF:12
LH:12
end_of_record
SF:lib/src.widgets/scrollable_reorderable_navbar.dart
DA:13,1
DA:25,1
DA:58,1
DA:60,1
DA:61,1
DA:62,1
DA:65,1
DA:66,3
DA:67,1
DA:68,3
DA:69,1
DA:70,1
DA:71,1
DA:72,1
DA:73,1
DA:74,1
DA:75,1
DA:76,1
DA:77,1
DA:78,1
DA:84,1
DA:95,1
DA:107,1
DA:109,1
DA:115,2
DA:116,5
DA:118,3
DA:119,6
DA:122,1
DA:124,2
DA:125,1
DA:128,0
DA:130,0
DA:131,0
DA:132,0
DA:135,1
DA:137,1
DA:138,1
DA:139,2
DA:140,2
DA:141,2
DA:143,2
DA:144,2
DA:146,1
DA:148,4
DA:150,1
DA:151,2
DA:152,1
DA:153,3
DA:156,3
DA:157,1
DA:158,1
DA:159,1
DA:160,1
DA:164,1
DA:165,0
DA:166,2
DA:167,3
DA:168,2
DA:174,1
DA:176,1
DA:177,2
DA:178,1
DA:179,1
DA:180,1
DA:181,3
DA:183,1
DA:184,1
DA:185,1
DA:186,1
DA:187,2
DA:188,3
DA:189,4
DA:190,1
DA:191,3
DA:192,3
DA:197,1
DA:198,3
DA:199,3
DA:200,0
DA:201,4
DA:202,2
DA:203,2
DA:206,1
DA:207,1
DA:208,3
DA:217,1
DA:227,1
DA:238,1
DA:240,1
DA:241,1
DA:242,1
DA:243,1
DA:244,1
DA:245,1
DA:246,1
DA:247,1
DA:248,1
DA:249,1
DA:250,1
DA:251,1
LF:101
LH:95
end_of_record
SF:lib/src.widgets/reorderable_item.dart
DA:7,1
DA:14,1
DA:27,1
DA:29,1
DA:31,1
DA:32,1
DA:37,1
DA:38,2
DA:39,1
DA:40,1
DA:41,1
DA:42,1
DA:43,1
DA:44,1
DA:45,2
DA:46,4
DA:50,1
LF:17
LH:17
end_of_record
